2020-05-13 11:39:57.539  INFO 7064 --- [restartedMain] com.example.demo.DemoApplication         : Starting DemoApplication on DESKTOP-D1MVIA9 with PID 7064 (C:\Users\yudai\demo\target\classes started by yudai in c:\Users\yudai\demo)
2020-05-13 11:39:57.543  INFO 7064 --- [restartedMain] com.example.demo.DemoApplication         : No active profile set, falling back to default profiles: default
2020-05-13 11:39:57.597  INFO 7064 --- [restartedMain] .e.DevToolsPropertyDefaultsPostProcessor : Devtools property defaults active! Set 'spring.devtools.add-properties' to 'false' to disable
2020-05-13 11:39:57.597  INFO 7064 --- [restartedMain] .e.DevToolsPropertyDefaultsPostProcessor : For additional web related logging consider setting the 'logging.level.web' property to 'DEBUG'
2020-05-13 11:39:58.660  INFO 7064 --- [restartedMain] o.s.b.w.embedded.tomcat.TomcatWebServer  : Tomcat initialized with port(s): 8080 (http)
2020-05-13 11:39:58.677  INFO 7064 --- [restartedMain] o.apache.catalina.core.StandardService   : Starting service [Tomcat]
2020-05-13 11:39:58.677  INFO 7064 --- [restartedMain] org.apache.catalina.core.StandardEngine  : Starting Servlet engine: [Apache Tomcat/9.0.34]
2020-05-13 11:39:58.786  INFO 7064 --- [restartedMain] o.a.c.c.C.[Tomcat].[localhost].[/]       : Initializing Spring embedded WebApplicationContext
2020-05-13 11:39:58.786  INFO 7064 --- [restartedMain] o.s.web.context.ContextLoader            : Root WebApplicationContext: initialization completed in 1188 ms
2020-05-13 11:39:59.090  INFO 7064 --- [restartedMain] o.s.s.concurrent.ThreadPoolTaskExecutor  : Initializing ExecutorService 'applicationTaskExecutor'
2020-05-13 11:39:59.325  INFO 7064 --- [restartedMain] o.s.b.d.a.OptionalLiveReloadServer       : LiveReload server is running on port 35729
2020-05-13 11:39:59.389  INFO 7064 --- [restartedMain] o.s.b.w.embedded.tomcat.TomcatWebServer  : Tomcat started on port(s): 8080 (http) with context path ''
2020-05-13 11:39:59.394  INFO 7064 --- [restartedMain] com.example.demo.DemoApplication         : Started DemoApplication in 2.343 seconds (JVM running for 2.916)
2020-05-13 11:40:00.007  INFO 2308 --- [restartedMain] com.example.demo.DemoApplication         : Starting DemoApplication on DESKTOP-D1MVIA9 with PID 2308 (C:\Users\yudai\demo\target\classes started by yudai in c:\Users\yudai\demo)
2020-05-13 11:40:00.009  INFO 2308 --- [restartedMain] com.example.demo.DemoApplication         : No active profile set, falling back to default profiles: default
2020-05-13 11:40:00.058  INFO 2308 --- [restartedMain] .e.DevToolsPropertyDefaultsPostProcessor : Devtools property defaults active! Set 'spring.devtools.add-properties' to 'false' to disable
2020-05-13 11:40:00.058  INFO 2308 --- [restartedMain] .e.DevToolsPropertyDefaultsPostProcessor : For additional web related logging consider setting the 'logging.level.web' property to 'DEBUG'
2020-05-13 11:40:01.200  INFO 2308 --- [restartedMain] o.s.b.w.embedded.tomcat.TomcatWebServer  : Tomcat initialized with port(s): 8080 (http)
2020-05-13 11:40:01.214  INFO 2308 --- [restartedMain] o.apache.catalina.core.StandardService   : Starting service [Tomcat]
2020-05-13 11:40:01.215  INFO 2308 --- [restartedMain] org.apache.catalina.core.StandardEngine  : Starting Servlet engine: [Apache Tomcat/9.0.34]
2020-05-13 11:40:01.301  INFO 2308 --- [restartedMain] o.a.c.c.C.[Tomcat].[localhost].[/]       : Initializing Spring embedded WebApplicationContext
2020-05-13 11:40:01.302  INFO 2308 --- [restartedMain] o.s.web.context.ContextLoader            : Root WebApplicationContext: initialization completed in 1243 ms
2020-05-13 11:40:01.491  INFO 2308 --- [restartedMain] o.s.s.concurrent.ThreadPoolTaskExecutor  : Initializing ExecutorService 'applicationTaskExecutor'
2020-05-13 11:40:01.700  WARN 2308 --- [restartedMain] o.s.b.d.a.OptionalLiveReloadServer       : Unable to start LiveReload server
2020-05-13 11:40:01.738  INFO 2308 --- [restartedMain] o.apache.catalina.core.StandardService   : Stopping service [Tomcat]
2020-05-13 11:40:01.752  INFO 2308 --- [restartedMain] ConditionEvaluationReportLoggingListener : 

Error starting ApplicationContext. To display the conditions report re-run your application with 'debug' enabled.
2020-05-13 11:40:01.755 ERROR 2308 --- [restartedMain] o.s.b.d.LoggingFailureAnalysisReporter   : 

***************************
APPLICATION FAILED TO START
***************************

Description:

Web server failed to start. Port 8080 was already in use.

Action:

Identify and stop the process that's listening on port 8080 or configure this application to listen on another port.

2020-05-13 11:40:01.759  INFO 2308 --- [restartedMain] o.s.s.concurrent.ThreadPoolTaskExecutor  : Shutting down ExecutorService 'applicationTaskExecutor'
2020-05-13 11:40:30.825  INFO 8440 --- [restartedMain] com.example.demo.DemoApplication         : Starting DemoApplication on DESKTOP-D1MVIA9 with PID 8440 (C:\Users\yudai\demo\target\classes started by yudai in c:\Users\yudai\demo)
2020-05-13 11:40:30.828  INFO 8440 --- [restartedMain] com.example.demo.DemoApplication         : No active profile set, falling back to default profiles: default
2020-05-13 11:40:30.871  INFO 8440 --- [restartedMain] .e.DevToolsPropertyDefaultsPostProcessor : Devtools property defaults active! Set 'spring.devtools.add-properties' to 'false' to disable
2020-05-13 11:40:30.872  INFO 8440 --- [restartedMain] .e.DevToolsPropertyDefaultsPostProcessor : For additional web related logging consider setting the 'logging.level.web' property to 'DEBUG'
2020-05-13 11:40:31.841  INFO 8440 --- [restartedMain] o.s.b.w.embedded.tomcat.TomcatWebServer  : Tomcat initialized with port(s): 8080 (http)
2020-05-13 11:40:31.853  INFO 8440 --- [restartedMain] o.apache.catalina.core.StandardService   : Starting service [Tomcat]
2020-05-13 11:40:31.853  INFO 8440 --- [restartedMain] org.apache.catalina.core.StandardEngine  : Starting Servlet engine: [Apache Tomcat/9.0.34]
2020-05-13 11:40:31.930  INFO 8440 --- [restartedMain] o.a.c.c.C.[Tomcat].[localhost].[/]       : Initializing Spring embedded WebApplicationContext
2020-05-13 11:40:31.931  INFO 8440 --- [restartedMain] o.s.web.context.ContextLoader            : Root WebApplicationContext: initialization completed in 1059 ms
2020-05-13 11:40:32.101  INFO 8440 --- [restartedMain] o.s.s.concurrent.ThreadPoolTaskExecutor  : Initializing ExecutorService 'applicationTaskExecutor'
2020-05-13 11:40:32.285  WARN 8440 --- [restartedMain] o.s.b.d.a.OptionalLiveReloadServer       : Unable to start LiveReload server
2020-05-13 11:40:32.322  INFO 8440 --- [restartedMain] o.apache.catalina.core.StandardService   : Stopping service [Tomcat]
2020-05-13 11:40:32.334  INFO 8440 --- [restartedMain] ConditionEvaluationReportLoggingListener : 

Error starting ApplicationContext. To display the conditions report re-run your application with 'debug' enabled.
2020-05-13 11:40:32.336 ERROR 8440 --- [restartedMain] o.s.b.d.LoggingFailureAnalysisReporter   : 

***************************
APPLICATION FAILED TO START
***************************

Description:

Web server failed to start. Port 8080 was already in use.

Action:

Identify and stop the process that's listening on port 8080 or configure this application to listen on another port.

2020-05-13 11:40:32.340  INFO 8440 --- [restartedMain] o.s.s.concurrent.ThreadPoolTaskExecutor  : Shutting down ExecutorService 'applicationTaskExecutor'
2020-05-13 11:40:40.346  INFO 13712 --- [restartedMain] com.example.demo.DemoApplication         : Starting DemoApplication on DESKTOP-D1MVIA9 with PID 13712 (C:\Users\yudai\demo\target\classes started by yudai in c:\Users\yudai\demo)
2020-05-13 11:40:40.350  INFO 13712 --- [restartedMain] com.example.demo.DemoApplication         : No active profile set, falling back to default profiles: default
2020-05-13 11:40:40.401  INFO 13712 --- [restartedMain] .e.DevToolsPropertyDefaultsPostProcessor : Devtools property defaults active! Set 'spring.devtools.add-properties' to 'false' to disable
2020-05-13 11:40:40.401  INFO 13712 --- [restartedMain] .e.DevToolsPropertyDefaultsPostProcessor : For additional web related logging consider setting the 'logging.level.web' property to 'DEBUG'
2020-05-13 11:40:41.391  INFO 13712 --- [restartedMain] o.s.b.w.embedded.tomcat.TomcatWebServer  : Tomcat initialized with port(s): 8080 (http)
2020-05-13 11:40:41.401  INFO 13712 --- [restartedMain] o.apache.catalina.core.StandardService   : Starting service [Tomcat]
2020-05-13 11:40:41.401  INFO 13712 --- [restartedMain] org.apache.catalina.core.StandardEngine  : Starting Servlet engine: [Apache Tomcat/9.0.34]
2020-05-13 11:40:41.481  INFO 13712 --- [restartedMain] o.a.c.c.C.[Tomcat].[localhost].[/]       : Initializing Spring embedded WebApplicationContext
2020-05-13 11:40:41.481  INFO 13712 --- [restartedMain] o.s.web.context.ContextLoader            : Root WebApplicationContext: initialization completed in 1080 ms
2020-05-13 11:40:41.657  INFO 13712 --- [restartedMain] o.s.s.concurrent.ThreadPoolTaskExecutor  : Initializing ExecutorService 'applicationTaskExecutor'
2020-05-13 11:40:41.828  WARN 13712 --- [restartedMain] o.s.b.d.a.OptionalLiveReloadServer       : Unable to start LiveReload server
2020-05-13 11:40:41.866  INFO 13712 --- [restartedMain] o.apache.catalina.core.StandardService   : Stopping service [Tomcat]
2020-05-13 11:40:41.878  INFO 13712 --- [restartedMain] ConditionEvaluationReportLoggingListener : 

Error starting ApplicationContext. To display the conditions report re-run your application with 'debug' enabled.
2020-05-13 11:40:41.881 ERROR 13712 --- [restartedMain] o.s.b.d.LoggingFailureAnalysisReporter   : 

***************************
APPLICATION FAILED TO START
***************************

Description:

Web server failed to start. Port 8080 was already in use.

Action:

Identify and stop the process that's listening on port 8080 or configure this application to listen on another port.

2020-05-13 11:40:41.887  INFO 13712 --- [restartedMain] o.s.s.concurrent.ThreadPoolTaskExecutor  : Shutting down ExecutorService 'applicationTaskExecutor'
2020-05-13 11:40:55.685  INFO 2468 --- [restartedMain] com.example.demo.DemoApplication         : Starting DemoApplication on DESKTOP-D1MVIA9 with PID 2468 (C:\Users\yudai\demo\target\classes started by yudai in c:\Users\yudai\demo)
2020-05-13 11:40:55.687  INFO 2468 --- [restartedMain] com.example.demo.DemoApplication         : No active profile set, falling back to default profiles: default
2020-05-13 11:40:55.728  INFO 2468 --- [restartedMain] .e.DevToolsPropertyDefaultsPostProcessor : Devtools property defaults active! Set 'spring.devtools.add-properties' to 'false' to disable
2020-05-13 11:40:55.729  INFO 2468 --- [restartedMain] .e.DevToolsPropertyDefaultsPostProcessor : For additional web related logging consider setting the 'logging.level.web' property to 'DEBUG'
2020-05-13 11:40:56.668  INFO 2468 --- [restartedMain] o.s.b.w.embedded.tomcat.TomcatWebServer  : Tomcat initialized with port(s): 8080 (http)
2020-05-13 11:40:56.681  INFO 2468 --- [restartedMain] o.apache.catalina.core.StandardService   : Starting service [Tomcat]
2020-05-13 11:40:56.681  INFO 2468 --- [restartedMain] org.apache.catalina.core.StandardEngine  : Starting Servlet engine: [Apache Tomcat/9.0.34]
2020-05-13 11:40:56.762  INFO 2468 --- [restartedMain] o.a.c.c.C.[Tomcat].[localhost].[/]       : Initializing Spring embedded WebApplicationContext
2020-05-13 11:40:56.763  INFO 2468 --- [restartedMain] o.s.web.context.ContextLoader            : Root WebApplicationContext: initialization completed in 1034 ms
2020-05-13 11:40:56.930  INFO 2468 --- [restartedMain] o.s.s.concurrent.ThreadPoolTaskExecutor  : Initializing ExecutorService 'applicationTaskExecutor'
2020-05-13 11:40:57.143  INFO 2468 --- [restartedMain] o.s.b.d.a.OptionalLiveReloadServer       : LiveReload server is running on port 35729
2020-05-13 11:40:57.198  INFO 2468 --- [restartedMain] o.s.b.w.embedded.tomcat.TomcatWebServer  : Tomcat started on port(s): 8080 (http) with context path ''
2020-05-13 11:40:57.202  INFO 2468 --- [restartedMain] com.example.demo.DemoApplication         : Started DemoApplication in 1.815 seconds (JVM running for 2.362)
2020-05-13 11:41:15.644  INFO 2468 --- [http-nio-8080-exec-1] o.a.c.c.C.[Tomcat].[localhost].[/]       : Initializing Spring DispatcherServlet 'dispatcherServlet'
2020-05-13 11:41:15.645  INFO 2468 --- [http-nio-8080-exec-1] o.s.web.servlet.DispatcherServlet        : Initializing Servlet 'dispatcherServlet'
2020-05-13 11:41:15.652  INFO 2468 --- [http-nio-8080-exec-1] o.s.web.servlet.DispatcherServlet        : Completed initialization in 6 ms
2020-05-13 11:47:24.273  INFO 14244 --- [restartedMain] com.example.demo.DemoApplication         : Starting DemoApplication on DESKTOP-D1MVIA9 with PID 14244 (C:\Users\yudai\demo\target\classes started by yudai in c:\Users\yudai\demo)
2020-05-13 11:47:24.276  INFO 14244 --- [restartedMain] com.example.demo.DemoApplication         : No active profile set, falling back to default profiles: default
2020-05-13 11:47:24.320  INFO 14244 --- [restartedMain] .e.DevToolsPropertyDefaultsPostProcessor : Devtools property defaults active! Set 'spring.devtools.add-properties' to 'false' to disable
2020-05-13 11:47:24.320  INFO 14244 --- [restartedMain] .e.DevToolsPropertyDefaultsPostProcessor : For additional web related logging consider setting the 'logging.level.web' property to 'DEBUG'
2020-05-13 11:47:25.234  INFO 14244 --- [restartedMain] o.s.b.w.embedded.tomcat.TomcatWebServer  : Tomcat initialized with port(s): 8080 (http)
2020-05-13 11:47:25.244  INFO 14244 --- [restartedMain] o.apache.catalina.core.StandardService   : Starting service [Tomcat]
2020-05-13 11:47:25.245  INFO 14244 --- [restartedMain] org.apache.catalina.core.StandardEngine  : Starting Servlet engine: [Apache Tomcat/9.0.34]
2020-05-13 11:47:25.321  INFO 14244 --- [restartedMain] o.a.c.c.C.[Tomcat].[localhost].[/]       : Initializing Spring embedded WebApplicationContext
2020-05-13 11:47:25.321  INFO 14244 --- [restartedMain] o.s.web.context.ContextLoader            : Root WebApplicationContext: initialization completed in 1001 ms
2020-05-13 11:47:25.501  INFO 14244 --- [restartedMain] o.s.s.concurrent.ThreadPoolTaskExecutor  : Initializing ExecutorService 'applicationTaskExecutor'
2020-05-13 11:47:25.681  INFO 14244 --- [restartedMain] o.s.b.d.a.OptionalLiveReloadServer       : LiveReload server is running on port 35729
2020-05-13 11:47:25.726  INFO 14244 --- [restartedMain] o.s.b.w.embedded.tomcat.TomcatWebServer  : Tomcat started on port(s): 8080 (http) with context path ''
2020-05-13 11:47:25.729  INFO 14244 --- [restartedMain] com.example.demo.DemoApplication         : Started DemoApplication in 1.757 seconds (JVM running for 2.249)
2020-05-13 11:47:41.918  INFO 14244 --- [http-nio-8080-exec-1] o.a.c.c.C.[Tomcat].[localhost].[/]       : Initializing Spring DispatcherServlet 'dispatcherServlet'
2020-05-13 11:47:41.919  INFO 14244 --- [http-nio-8080-exec-1] o.s.web.servlet.DispatcherServlet        : Initializing Servlet 'dispatcherServlet'
2020-05-13 11:47:41.925  INFO 14244 --- [http-nio-8080-exec-1] o.s.web.servlet.DispatcherServlet        : Completed initialization in 6 ms
2020-05-13 11:51:32.743  INFO 4472 --- [restartedMain] com.example.demo.DemoApplication         : Starting DemoApplication on DESKTOP-D1MVIA9 with PID 4472 (C:\Users\yudai\demo\target\classes started by yudai in c:\Users\yudai\demo)
2020-05-13 11:51:32.746  INFO 4472 --- [restartedMain] com.example.demo.DemoApplication         : No active profile set, falling back to default profiles: default
2020-05-13 11:51:32.796  INFO 4472 --- [restartedMain] .e.DevToolsPropertyDefaultsPostProcessor : Devtools property defaults active! Set 'spring.devtools.add-properties' to 'false' to disable
2020-05-13 11:51:32.796  INFO 4472 --- [restartedMain] .e.DevToolsPropertyDefaultsPostProcessor : For additional web related logging consider setting the 'logging.level.web' property to 'DEBUG'
2020-05-13 11:51:33.755  INFO 4472 --- [restartedMain] o.s.b.w.embedded.tomcat.TomcatWebServer  : Tomcat initialized with port(s): 8080 (http)
2020-05-13 11:51:33.767  INFO 4472 --- [restartedMain] o.apache.catalina.core.StandardService   : Starting service [Tomcat]
2020-05-13 11:51:33.768  INFO 4472 --- [restartedMain] org.apache.catalina.core.StandardEngine  : Starting Servlet engine: [Apache Tomcat/9.0.34]
2020-05-13 11:51:33.846  INFO 4472 --- [restartedMain] o.a.c.c.C.[Tomcat].[localhost].[/]       : Initializing Spring embedded WebApplicationContext
2020-05-13 11:51:33.847  INFO 4472 --- [restartedMain] o.s.web.context.ContextLoader            : Root WebApplicationContext: initialization completed in 1051 ms
2020-05-13 11:51:34.024  INFO 4472 --- [restartedMain] o.s.s.concurrent.ThreadPoolTaskExecutor  : Initializing ExecutorService 'applicationTaskExecutor'
2020-05-13 11:51:34.202  INFO 4472 --- [restartedMain] o.s.b.d.a.OptionalLiveReloadServer       : LiveReload server is running on port 35729
2020-05-13 11:51:34.245  INFO 4472 --- [restartedMain] o.s.b.w.embedded.tomcat.TomcatWebServer  : Tomcat started on port(s): 8080 (http) with context path ''
2020-05-13 11:51:34.249  INFO 4472 --- [restartedMain] com.example.demo.DemoApplication         : Started DemoApplication in 1.798 seconds (JVM running for 2.317)
2020-05-13 11:51:34.449  INFO 4472 --- [http-nio-8080-exec-1] o.a.c.c.C.[Tomcat].[localhost].[/]       : Initializing Spring DispatcherServlet 'dispatcherServlet'
2020-05-13 11:51:34.450  INFO 4472 --- [http-nio-8080-exec-1] o.s.web.servlet.DispatcherServlet        : Initializing Servlet 'dispatcherServlet'
2020-05-13 11:51:34.456  INFO 4472 --- [http-nio-8080-exec-1] o.s.web.servlet.DispatcherServlet        : Completed initialization in 5 ms
2020-05-13 11:54:46.315  INFO 10428 --- [restartedMain] com.example.demo.DemoApplication         : Starting DemoApplication on DESKTOP-D1MVIA9 with PID 10428 (C:\Users\yudai\demo\target\classes started by yudai in c:\Users\yudai\demo)
2020-05-13 11:54:46.317  INFO 10428 --- [restartedMain] com.example.demo.DemoApplication         : No active profile set, falling back to default profiles: default
2020-05-13 11:54:46.367  INFO 10428 --- [restartedMain] .e.DevToolsPropertyDefaultsPostProcessor : Devtools property defaults active! Set 'spring.devtools.add-properties' to 'false' to disable
2020-05-13 11:54:46.367  INFO 10428 --- [restartedMain] .e.DevToolsPropertyDefaultsPostProcessor : For additional web related logging consider setting the 'logging.level.web' property to 'DEBUG'
2020-05-13 11:54:47.273  INFO 10428 --- [restartedMain] o.s.b.w.embedded.tomcat.TomcatWebServer  : Tomcat initialized with port(s): 8080 (http)
2020-05-13 11:54:47.284  INFO 10428 --- [restartedMain] o.apache.catalina.core.StandardService   : Starting service [Tomcat]
2020-05-13 11:54:47.284  INFO 10428 --- [restartedMain] org.apache.catalina.core.StandardEngine  : Starting Servlet engine: [Apache Tomcat/9.0.34]
2020-05-13 11:54:47.359  INFO 10428 --- [restartedMain] o.a.c.c.C.[Tomcat].[localhost].[/]       : Initializing Spring embedded WebApplicationContext
2020-05-13 11:54:47.535  INFO 10428 --- [restartedMain] o.s.s.concurrent.ThreadPoolTaskExecutor  : Initializing ExecutorService 'applicationTaskExecutor'
2020-05-13 11:54:47.724  INFO 10428 --- [restartedMain] o.s.b.d.a.OptionalLiveReloadServer       : LiveReload server is running on port 35729
2020-05-13 11:54:47.766  INFO 10428 --- [restartedMain] o.s.b.w.embedded.tomcat.TomcatWebServer  : Tomcat started on port(s): 8080 (http) with context path ''
2020-05-13 11:54:47.770  INFO 10428 --- [restartedMain] com.example.demo.DemoApplication         : Started DemoApplication in 1.766 seconds (JVM running for 2.275)
2020-05-13 11:58:39.278  INFO 7840 --- [restartedMain] com.example.demo.DemoApplication         : Starting DemoApplication on DESKTOP-D1MVIA9 with PID 7840 (C:\Users\yudai\demo\target\classes started by yudai in c:\Users\yudai\demo)
2020-05-13 11:58:39.280  INFO 7840 --- [restartedMain] com.example.demo.DemoApplication         : No active profile set, falling back to default profiles: default
2020-05-13 11:58:39.324  INFO 7840 --- [restartedMain] .e.DevToolsPropertyDefaultsPostProcessor : Devtools property defaults active! Set 'spring.devtools.add-properties' to 'false' to disable
2020-05-13 11:58:39.325  INFO 7840 --- [restartedMain] .e.DevToolsPropertyDefaultsPostProcessor : For additional web related logging consider setting the 'logging.level.web' property to 'DEBUG'
2020-05-13 11:58:40.193  INFO 7840 --- [restartedMain] o.s.b.w.embedded.tomcat.TomcatWebServer  : Tomcat initialized with port(s): 8080 (http)
2020-05-13 11:58:40.205  INFO 7840 --- [restartedMain] o.apache.catalina.core.StandardService   : Starting service [Tomcat]
2020-05-13 11:58:40.206  INFO 7840 --- [restartedMain] org.apache.catalina.core.StandardEngine  : Starting Servlet engine: [Apache Tomcat/9.0.34]
2020-05-13 11:58:40.276  INFO 7840 --- [restartedMain] o.a.c.c.C.[Tomcat].[localhost].[/]       : Initializing Spring embedded WebApplicationContext
2020-05-13 11:58:40.276  INFO 7840 --- [restartedMain] o.s.web.context.ContextLoader            : Root WebApplicationContext: initialization completed in 951 ms
2020-05-13 11:58:40.449  INFO 7840 --- [restartedMain] o.s.s.concurrent.ThreadPoolTaskExecutor  : Initializing ExecutorService 'applicationTaskExecutor'
2020-05-13 11:58:40.633  INFO 7840 --- [restartedMain] o.s.b.d.a.OptionalLiveReloadServer       : LiveReload server is running on port 35729
2020-05-13 11:58:40.678  INFO 7840 --- [restartedMain] o.s.b.w.embedded.tomcat.TomcatWebServer  : Tomcat started on port(s): 8080 (http) with context path ''
2020-05-13 11:58:40.683  INFO 7840 --- [restartedMain] com.example.demo.DemoApplication         : Started DemoApplication in 1.685 seconds (JVM running for 2.216)
